0 info it worked if it ends with ok
1 verbose cli [ 'node',
1 verbose cli   '/usr/local/bin/npm',
1 verbose cli   'install',
1 verbose cli   '-g',
1 verbose cli   'angular-sinatra' ]
2 info using npm@2.0.2
3 info using node@v0.10.28
4 verbose node symlink /usr/local/bin/node
5 verbose cache add [ 'angular-sinatra', null ]
6 verbose cache add spec="angular-sinatra" args=["angular-sinatra",null]
7 verbose parsed spec { raw: 'angular-sinatra',
7 verbose parsed spec   scope: null,
7 verbose parsed spec   name: 'angular-sinatra',
7 verbose parsed spec   rawSpec: '',
7 verbose parsed spec   spec: '*',
7 verbose parsed spec   type: 'range' }
8 verbose parsed spec { raw: 'angular-sinatra',
8 verbose parsed spec   scope: null,
8 verbose parsed spec   name: 'angular-sinatra',
8 verbose parsed spec   rawSpec: '',
8 verbose parsed spec   spec: '*',
8 verbose parsed spec   type: 'range' }
9 verbose addNamed [ 'angular-sinatra', '*' ]
10 verbose addNamed [ null, '*' ]
11 silly lockFile 29e07546-angular-sinatra angular-sinatra@*
12 verbose lock angular-sinatra@* /Users/Aaron/.npm/29e07546-angular-sinatra.lock
13 silly addNameRange { name: 'angular-sinatra', range: '*', hasData: false }
14 verbose mapToRegistry name angular-sinatra
15 verbose mapToRegistry uri https://registry.npmjs.org/angular-sinatra
16 verbose request on initialization, where is /angular-sinatra
17 verbose request after pass 1, where is /angular-sinatra
18 verbose request url raw /angular-sinatra
19 verbose request resolving registry [ 'https://registry.npmjs.org/', './angular-sinatra' ]
20 verbose request after pass 2, where is https://registry.npmjs.org/angular-sinatra
21 verbose request no auth needed
22 info attempt registry request try #1 at 14:29:16
23 verbose request id d969b93eaa37494c
24 http request GET https://registry.npmjs.org/angular-sinatra
25 http 404 https://registry.npmjs.org/angular-sinatra
26 verbose headers { date: 'Tue, 23 Sep 2014 19:29:16 GMT',
26 verbose headers   server: 'CouchDB/1.5.0 (Erlang OTP/R16B03)',
26 verbose headers   'content-type': 'application/json',
26 verbose headers   'cache-control': 'max-age=0',
26 verbose headers   'content-length': '52',
26 verbose headers   'accept-ranges': 'bytes',
26 verbose headers   via: '1.1 varnish',
26 verbose headers   age: '0',
26 verbose headers   'x-served-by': 'cache-ord1725-ORD',
26 verbose headers   'x-cache': 'MISS',
26 verbose headers   'x-cache-hits': '0',
26 verbose headers   'x-timer': 'S1411500556.346889,VS0,VE273',
26 verbose headers   'keep-alive': 'timeout=10, max=50',
26 verbose headers   connection: 'Keep-Alive' }
27 silly registry.get cb [ 404,
27 silly registry.get   { date: 'Tue, 23 Sep 2014 19:29:16 GMT',
27 silly registry.get     server: 'CouchDB/1.5.0 (Erlang OTP/R16B03)',
27 silly registry.get     'content-type': 'application/json',
27 silly registry.get     'cache-control': 'max-age=0',
27 silly registry.get     'content-length': '52',
27 silly registry.get     'accept-ranges': 'bytes',
27 silly registry.get     via: '1.1 varnish',
27 silly registry.get     age: '0',
27 silly registry.get     'x-served-by': 'cache-ord1725-ORD',
27 silly registry.get     'x-cache': 'MISS',
27 silly registry.get     'x-cache-hits': '0',
27 silly registry.get     'x-timer': 'S1411500556.346889,VS0,VE273',
27 silly registry.get     'keep-alive': 'timeout=10, max=50',
27 silly registry.get     connection: 'Keep-Alive' } ]
28 silly lockFile 29e07546-angular-sinatra angular-sinatra@*
29 silly lockFile 29e07546-angular-sinatra angular-sinatra@*
30 verbose stack Error: 404 Not Found: angular-sinatra
30 verbose stack     at RegClient.<anonymous> (/usr/local/lib/node_modules/npm/node_modules/npm-registry-client/lib/request.js:258:14)
30 verbose stack     at Request._callback (/usr/local/lib/node_modules/npm/node_modules/npm-registry-client/lib/request.js:197:65)
30 verbose stack     at Request.self.callback (/usr/local/lib/node_modules/npm/node_modules/request/request.js:237:22)
30 verbose stack     at Request.EventEmitter.emit (events.js:98:17)
30 verbose stack     at Request.<anonymous> (/usr/local/lib/node_modules/npm/node_modules/request/request.js:1146:14)
30 verbose stack     at Request.EventEmitter.emit (events.js:117:20)
30 verbose stack     at IncomingMessage.<anonymous> (/usr/local/lib/node_modules/npm/node_modules/request/request.js:1097:12)
30 verbose stack     at IncomingMessage.EventEmitter.emit (events.js:117:20)
30 verbose stack     at _stream_readable.js:919:16
30 verbose stack     at process._tickCallback (node.js:419:13)
31 verbose statusCode 404
32 verbose pkgid angular-sinatra
33 verbose cwd /Users/Aaron/code/personal_projects/sinatra-angular
34 error Darwin 13.0.0
35 error argv "node" "/usr/local/bin/npm" "install" "-g" "angular-sinatra"
36 error node v0.10.28
37 error npm  v2.0.2
38 error code E404
39 error 404 Not Found: angular-sinatra
39 error 404
39 error 404 'angular-sinatra' is not in the npm registry.
39 error 404 You should bug the author to publish it (or use the name yourself!)
39 error 404
39 error 404 Note that you can also install from a
39 error 404 tarball, folder, http url, or git url.
40 verbose exit [ 1, true ]
